[INFO] Scanning for projects...
[WARNING] 
[WARNING] Some problems were encountered while building the effective model for com.bootcamp:vbg.notificationServices:war:1.0-SNAPSHOT
[WARNING] 'dependencies.dependency.(groupId:artifactId:type:classifier)' must be unique: org.apache.httpcomponents:httpclient:jar -> version 4.5 vs 4.5.2 @ line 32, column 17
[WARNING] 
[WARNING] It is highly recommended to fix these problems because they threaten the stability of your build.
[WARNING] 
[WARNING] For this reason, future Maven versions might no longer support building such malformed projects.
[WARNING] 
[INFO]                                                                         
[INFO] ------------------------------------------------------------------------
[INFO] Building vbg.notificationServices 1.0-SNAPSHOT
[INFO] ------------------------------------------------------------------------
[INFO] 
[INFO] >>> spring-boot-maven-plugin:1.5.3.RELEASE:run (default-cli) > test-compile @ vbg.notificationServices >>>
[INFO] 
[INFO] --- maven-resources-plugin:2.6:resources (default-resources) @ vbg.notificationServices ---
[INFO] Using 'UTF-8' encoding to copy filtered resources.
[INFO] skip non existing resourceDirectory /home/soul/bootcamp/bootcamp.vbg/vbg.notification.fonctionnel/src/main/resources
[INFO] Copying 11 resources
[INFO] 
[INFO] --- maven-compiler-plugin:3.3:compile (default-compile) @ vbg.notificationServices ---
[INFO] Changes detected - recompiling the module!
[INFO] Compiling 13 source files to /home/soul/bootcamp/bootcamp.vbg/vbg.notification.fonctionnel/target/classes
[INFO] /home/soul/bootcamp/bootcamp.vbg/vbg.notification.fonctionnel/src/main/java/com/bootcamp/client/OctoPushClient.java: /home/soul/bootcamp/bootcamp.vbg/vbg.notification.fonctionnel/src/main/java/com/bootcamp/client/OctoPushClient.java uses unchecked or unsafe operations.
[INFO] /home/soul/bootcamp/bootcamp.vbg/vbg.notification.fonctionnel/src/main/java/com/bootcamp/client/OctoPushClient.java: Recompile with -Xlint:unchecked for details.
[INFO] 
[INFO] --- maven-resources-plugin:2.6:testResources (default-testResources) @ vbg.notificationServices ---
[INFO] Using 'UTF-8' encoding to copy filtered resources.
[INFO] skip non existing resourceDirectory /home/soul/bootcamp/bootcamp.vbg/vbg.notification.fonctionnel/src/test/resources
[INFO] 
[INFO] --- maven-compiler-plugin:3.3:testCompile (default-testCompile) @ vbg.notificationServices ---
[INFO] No sources to compile
[INFO] 
[INFO] <<< spring-boot-maven-plugin:1.5.3.RELEASE:run (default-cli) < test-compile @ vbg.notificationServices <<<
[INFO] 
[INFO] --- spring-boot-maven-plugin:1.5.3.RELEASE:run (default-cli) @ vbg.notificationServices ---
SLF4J: Class path contains multiple SLF4J bindings.
SLF4J: Found binding in [jar:file:/home/soul/.m2/repository/org/slf4j/slf4j-log4j12/1.7.12/slf4j-log4j12-1.7.12.jar!/org/slf4j/impl/StaticLoggerBinder.class]
SLF4J: Found binding in [jar:file:/home/soul/.m2/repository/org/apache/logging/log4j/log4j-slf4j-impl/2.7/log4j-slf4j-impl-2.7.jar!/org/slf4j/impl/StaticLoggerBinder.class]
SLF4J: See http://www.slf4j.org/codes.html#multiple_bindings for an explanation.
SLF4J: Actual binding is of type [org.slf4j.impl.Log4jLoggerFactory]
log4j:WARN No appenders could be found for logger (org.springframework.web.context.support.StandardServletEnvironment).
log4j:WARN Please initialize the log4j system properly.
log4j:WARN See http://logging.apache.org/log4j/1.2/faq.html#noconfig for more info.

  .   ____          _            __ _ _
 /\\ / ___'_ __ _ _(_)_ __  __ _ \ \ \ \
( ( )\___ | '_ | '_| | '_ \/ _` | \ \ \ \
 \\/  ___)| |_)| | | | | || (_| |  ) ) ) )
  '  |____| .__|_| |_|_| |_\__, | / / / /
 =========|_|==============|___/=/_/_/_/
 :: Spring Boot ::        (v1.5.8.RELEASE)

[32m2017-12-15 10:50:19.328 WAT [background-preinit] o.h.v.i.u.Version INFO : HV000001: Hibernate Validator 5.3.5.Final
[m[EL Info]: 2017-12-15 10:51:27.737--ServerSession(177837750)--EclipseLink, version: Eclipse Persistence Services - 2.5.2.v20140319-9ad6abd
[EL Info]: connection: 2017-12-15 10:51:29.373--ServerSession(177837750)--file:/home/soul/bootcamp/bootcamp.vbg/vbg.notification.fonctionnel/target/classes/_vbgDatabasePU login successful
<?xml version="1.0" encoding="UTF-8"?>
<octopush>
  <error_code>117</error_code>
</octopush>

<?xml version="1.0" encoding="UTF-8"?><octopush>  <error_code>000</error_code>  <cost>0.162</cost>  <balance>10.215</balance>  <ticket>SMS225080005a339b2f3ca23</ticket>  <sending_date>1513331503</sending_date>  <number_of_sendings>2</number_of_sendings>  <currency_code>€</currency_code>  <successs>    <success>      <recipient>0022996344200</recipient>      <country_code>BJ</country_code>      <cost>0.081</cost>      <sms_needed>1</sms_needed>    </success>    <success>      <recipient>0022966168535</recipient>      <country_code>BJ</country_code>      <cost>0.081</cost>      <sms_needed>1</sms_needed>    </success>  </successs>  <failures/></octopush>
